This is pdfTeX, Version 3.14159265-2.6-1.40.19 (TeX Live 2018) (preloaded format=pdflatex 2018.4.16)  22 APR 2019 22:49
entering extended mode
 restricted \write18 enabled.
 %&-line parsing enabled.
**"Homework 4.tex"
(./Homework 4.tex
LaTeX2e <2018-04-01> patch level 2
Babel <3.18> and hyphenation patterns for 84 language(s) loaded.
(/usr/local/texlive/2018/texmf-dist/tex/latex/base/article.cls
Document Class: article 2018/09/03 v1.4i Standard LaTeX document class
(/usr/local/texlive/2018/texmf-dist/tex/latex/base/size10.clo
File: size10.clo 2018/09/03 v1.4i Standard LaTeX file (size option)
)
\c@part=\count80
\c@section=\count81
\c@subsection=\count82
\c@subsubsection=\count83
\c@paragraph=\count84
\c@subparagraph=\count85
\c@figure=\count86
\c@table=\count87
\abovecaptionskip=\skip41
\belowcaptionskip=\skip42
\bibindent=\dimen102
)
(/usr/local/texlive/2018/texmf-dist/tex/latex/amscls/amsthm.sty
Package: amsthm 2017/10/31 v2.20.4
\thm@style=\toks14
\thm@bodyfont=\toks15
\thm@headfont=\toks16
\thm@notefont=\toks17
\thm@headpunct=\toks18
\thm@preskip=\skip43
\thm@postskip=\skip44
\thm@headsep=\skip45
\dth@everypar=\toks19
)
(/usr/local/texlive/2018/texmf-dist/tex/latex/amsfonts/amssymb.sty
Package: amssymb 2013/01/14 v3.01 AMS font symbols

(/usr/local/texlive/2018/texmf-dist/tex/latex/amsfonts/amsfonts.sty
Package: amsfonts 2013/01/14 v3.01 Basic AMSFonts support
\@emptytoks=\toks20
\symAMSa=\mathgroup4
\symAMSb=\mathgroup5
LaTeX Font Info:    Overwriting math alphabet `\mathfrak' in version `bold'
(Font)                  U/euf/m/n --> U/euf/b/n on input line 106.
))
(./Homework 4.aux)
\openout1 = `"Homework 4.aux"'.

LaTeX Font Info:    Checking defaults for OML/cmm/m/it on input line 4.
LaTeX Font Info:    ... okay on input line 4.
LaTeX Font Info:    Checking defaults for T1/cmr/m/n on input line 4.
LaTeX Font Info:    ... okay on input line 4.
LaTeX Font Info:    Checking defaults for OT1/cmr/m/n on input line 4.
LaTeX Font Info:    ... okay on input line 4.
LaTeX Font Info:    Checking defaults for OMS/cmsy/m/n on input line 4.
LaTeX Font Info:    ... okay on input line 4.
LaTeX Font Info:    Checking defaults for OMX/cmex/m/n on input line 4.
LaTeX Font Info:    ... okay on input line 4.
LaTeX Font Info:    Checking defaults for U/cmr/m/n on input line 4.
LaTeX Font Info:    ... okay on input line 4.
LaTeX Font Info:    Try loading font information for U+msa on input line 7.

(/usr/local/texlive/2018/texmf-dist/tex/latex/amsfonts/umsa.fd
File: umsa.fd 2013/01/14 v3.01 AMS symbols A
)
LaTeX Font Info:    Try loading font information for U+msb on input line 7.

(/usr/local/texlive/2018/texmf-dist/tex/latex/amsfonts/umsb.fd
File: umsb.fd 2013/01/14 v3.01 AMS symbols B
)
Underfull \hbox (badness 10000) in paragraph at lines 9--18

 []


Underfull \hbox (badness 10000) in paragraph at lines 9--18

 []


Underfull \hbox (badness 10000) in paragraph at lines 21--22

 []


Overfull \hbox (4.99846pt too wide) in paragraph at lines 23--29
\OT1/cmr/m/n/10 | Since M$\OMS/cmsy/m/n/10 !$$:$\OT1/cmr/m/n/10 N and M, $\OMS/
cmsy/m/n/10 :$\OT1/cmr/m/n/10 N. | Since (M$\OMS/cmsy/m/n/10 !$$:$\OT1/cmr/m/n/
10 N)$\OMS/cmsy/m/n/10 !$$:$\OT1/cmr/m/n/10 (M$\OMS/cmsy/m/n/10 ^$\OT1/cmr/m/n/
10 N) and M$\OMS/cmsy/m/n/10 !$$:$\OT1/cmr/m/n/10 N, $\OMS/cmsy/m/n/10 :$\OT1/c
mr/m/n/10 (M$\OMS/cmsy/m/n/10 ^$\OT1/cmr/m/n/10 N).
 []


Underfull \hbox (badness 10000) in paragraph at lines 23--29

 []


Underfull \hbox (badness 10000) in paragraph at lines 32--33

 []


Underfull \hbox (badness 10000) in paragraph at lines 34--39

 []


Underfull \hbox (badness 10000) in paragraph at lines 42--43

 []

[1

{/usr/local/texlive/2018/texmf-var/fonts/map/pdftex/updmap/pdftex.map}]
Underfull \hbox (badness 10000) in paragraph at lines 44--51

 []


Underfull \hbox (badness 10000) in paragraph at lines 54--55

 []


Underfull \hbox (badness 10000) in paragraph at lines 56--64

 []


Underfull \hbox (badness 10000) in paragraph at lines 67--68

 []


Overfull \hbox (4.62227pt too wide) in paragraph at lines 69--78
\OT1/cmr/m/n/10 Under both as-sump-tions (F$\OMS/cmsy/m/n/10 ^$\OT1/cmr/m/n/10 
G and H$\OMS/cmsy/m/n/10 !$\OT1/cmr/m/n/10 I) we proved G$\OMS/cmsy/m/n/10 _$\O
T1/cmr/m/n/10 I, there-fore G$\OMS/cmsy/m/n/10 _$\OT1/cmr/m/n/10 I (Cases)$\U/m
sa/m/n/10 ^^C$ 
 []


Underfull \hbox (badness 10000) in paragraph at lines 69--78

 []


Underfull \hbox (badness 10000) in paragraph at lines 81--82

 []


Underfull \hbox (badness 10000) in paragraph at lines 83--92

 []

[2]
Underfull \hbox (badness 10000) in paragraph at lines 95--96

 []


Underfull \hbox (badness 10000) in paragraph at lines 97--107

 []


Underfull \hbox (badness 10000) in paragraph at lines 110--117

 []


Underfull \hbox (badness 10000) in paragraph at lines 110--117

 []


Underfull \hbox (badness 10000) in paragraph at lines 118--120

 []


Underfull \hbox (badness 10000) in paragraph at lines 121--128

 []


Underfull \hbox (badness 10000) in paragraph at lines 129--130

 []


Underfull \hbox (badness 10000) in paragraph at lines 131--139

 []

[3]
Underfull \hbox (badness 10000) in paragraph at lines 140--141

 []


Underfull \hbox (badness 10000) in paragraph at lines 142--147

 []


Underfull \hbox (badness 10000) in paragraph at lines 150--152

 []


Underfull \hbox (badness 10000) in paragraph at lines 153--158

 []


Underfull \hbox (badness 10000) in paragraph at lines 161--162

 []


Underfull \hbox (badness 10000) in paragraph at lines 161--162

 []


Underfull \hbox (badness 10000) in paragraph at lines 163--164

 []


Underfull \hbox (badness 10000) in paragraph at lines 165--176

 []


Underfull \hbox (badness 10000) in paragraph at lines 177--178

 []


Underfull \hbox (badness 10000) in paragraph at lines 177--178

 []

[4]
Underfull \hbox (badness 10000) in paragraph at lines 179--180

 []


Underfull \hbox (badness 10000) in paragraph at lines 181--186

 []


Underfull \hbox (badness 10000) in paragraph at lines 187--188

 []


Underfull \hbox (badness 10000) in paragraph at lines 189--194

 []


Underfull \hbox (badness 10000) in paragraph at lines 189--194

 []


Underfull \hbox (badness 10000) in paragraph at lines 195--199

 []

[5] (./Homework 4.aux) ) 
Here is how much of TeX's memory you used:
 630 strings out of 492649
 6990 string characters out of 6129622
 66544 words of memory out of 5000000
 4562 multiletter control sequences out of 15000+600000
 10950 words of font info for 43 fonts, out of 8000000 for 9000
 1141 hyphenation exceptions out of 8191
 25i,6n,27p,234b,197s stack positions out of 5000i,500n,10000p,200000b,80000s
</usr/local/texlive/2018/texmf-dist/fonts/type1/public/
amsfonts/cm/cmbx10.pfb></usr/local/texlive/2018/texmf-dist/fonts/type1/public/a
msfonts/cm/cmbxti10.pfb></usr/local/texlive/2018/texmf-dist/fonts/type1/public/
amsfonts/cm/cmr10.pfb></usr/local/texlive/2018/texmf-dist/fonts/type1/public/am
sfonts/cm/cmr12.pfb></usr/local/texlive/2018/texmf-dist/fonts/type1/public/amsf
onts/cm/cmr17.pfb></usr/local/texlive/2018/texmf-dist/fonts/type1/public/amsfon
ts/cm/cmsy10.pfb></usr/local/texlive/2018/texmf-dist/fonts/type1/public/amsfont
s/symbols/msam10.pfb>
Output written on "Homework 4.pdf" (5 pages, 85845 bytes).
PDF statistics:
 48 PDF objects out of 1000 (max. 8388607)
 33 compressed objects within 1 object stream
 0 named destinations out of 1000 (max. 500000)
 1 words of extra memory for PDF output out of 10000 (max. 10000000)

